Arguments: 
  /usr/local/bin/node /opt/yarn-v1.22.19/bin/yarn.js init

PATH: 
  /home/dev/.vscode-server/bin/d69a79b73808559a91206d73d7717ff5f798f23c/bin:/usr/local/sbin:/usr/local/bin:/usr/sbin:/usr/bin:/sbin:/bin:/home/dev/emsdk/upstream/emscripten:/home/dev/.npm-packages/bin/:/home/dev/.npm-packages/bin

Yarn version: 
  1.22.19

Node version: 
  20.11.1

Platform: 
  linux arm64

Trace: 
  Error: canceled
      at Interface.<anonymous> (/opt/yarn-v1.22.19/lib/cli.js:137150:13)
      at Interface.emit (node:events:518:28)
      at [_ttyWrite] [as _ttyWrite] (node:internal/readline/interface:1125:18)
      at ReadStream.onkeypress (node:internal/readline/interface:264:20)
      at ReadStream.emit (node:events:518:28)
      at emitKeys (node:internal/readline/utils:371:14)
      at emitKeys.next (<anonymous>)
      at ReadStream.onData (node:internal/readline/emitKeypressEvents:64:36)
      at ReadStream.emit (node:events:518:28)
      at addChunk (node:internal/streams/readable:559:12)

npm manifest: 
  No manifest

yarn manifest: 
  No manifest

Lockfile: 
  No lockfile
